[ 2015-02-16T17:09:56+08:00 ] 192.168.1.168 /
INFO: [ app_init ] --START--
INFO: Run Behavior\BuildLiteBehavior [ RunTime:0.000046s ]
INFO: [ app_init ] --END-- [ RunTime:0.016298s ]
INFO: [ app_begin ] --START--
INFO: Run Behavior\ReadHtmlCacheBehavior [ RunTime:0.013484s ]
INFO: [ app_begin ] --END-- [ RunTime:0.013682s ]
INFO: [ view_parse ] --START--
INFO: [ template_filter ] --START--
INFO: Run Behavior\ContentReplaceBehavior [ RunTime:0.001161s ]
INFO: [ template_filter ] --END-- [ RunTime:0.002684s ]
INFO: Run Behavior\ParseTemplateBehavior [ RunTime:0.133305s ]
INFO: [ view_parse ] --END-- [ RunTime:0.134398s ]
INFO: [ view_filter ] --START--
INFO: Run Behavior\WriteHtmlCacheBehavior [ RunTime:0.007842s ]
INFO: [ view_filter ] --END-- [ RunTime:0.007961s ]
INFO: [ app_end ] --START--
INFO: Run Behavior\ShowPageTraceBehavior [ RunTime:0.014473s ]
INFO: [ app_end ] --END-- [ RunTime:0.014692s ]

[ 2015-02-16T17:11:55+08:00 ] 192.168.1.168 /
INFO: [ app_init ] --START--
INFO: Run Behavior\BuildLiteBehavior [ RunTime:0.000188s ]
INFO: [ app_init ] --END-- [ RunTime:0.007231s ]
INFO: [ app_begin ] --START--
INFO: Run Behavior\ReadHtmlCacheBehavior [ RunTime:0.001245s ]
INFO: [ app_begin ] --END-- [ RunTime:0.001397s ]
INFO: [ view_parse ] --START--
INFO: [ template_filter ] --START--
INFO: Run Behavior\ContentReplaceBehavior [ RunTime:0.000035s ]
INFO: [ template_filter ] --END-- [ RunTime:0.000113s ]
INFO: Run Behavior\ParseTemplateBehavior [ RunTime:0.036241s ]
INFO: [ view_parse ] --END-- [ RunTime:0.036508s ]
INFO: [ view_filter ] --START--
INFO: Run Behavior\WriteHtmlCacheBehavior [ RunTime:0.001086s ]
INFO: [ view_filter ] --END-- [ RunTime:0.001272s ]
INFO: [ app_end ] --START--
INFO: Run Behavior\ShowPageTraceBehavior [ RunTime:0.003431s ]
INFO: [ app_end ] --END-- [ RunTime:0.003539s ]

